{
  "stats": {
    "suites": 12,
    "tests": 41,
    "passes": 0,
    "pending": 0,
    "failures": 41,
    "start": "2022-07-04T19:34:53.924Z",
    "end": "2022-07-04T19:39:43.627Z",
    "duration": 289703,
    "testsRegistered": 41,
    "passPercent": 0,
    "pendingPercent": 0,
    "other": 0,
    "hasOther": false,
    "skipped": 0,
    "hasSkipped": false
  },
  "results": [
    {
      "uuid": "68e1a462-6788-44a6-9f93-d1d4bc45d3b3",
      "title": "",
      "fullFile": "cypress/integration/project.spec.js",
      "file": "cypress/integration/project.spec.js",
      "beforeHooks": [],
      "afterHooks": [],
      "tests": [],
      "suites": [
        {
          "uuid": "12ca7178-0848-416c-9af3-83ab7318a373",
          "title": "1 - Adicione à página o título \"Paleta de Cores\".",
          "fullFile": "",
          "file": "",
          "beforeHooks": [],
          "afterHooks": [],
          "tests": [
            {
              "title": "Verifica se contém um elemento `h1` com o id `title` com o título correto",
              "fullTitle": "1 - Adicione à página o título \"Paleta de Cores\". Verifica se contém um elemento `h1` com o id `title` com o título correto",
              "timedOut": null,
              "duration": 8223,
              "state": "failed",
              "speed": null,
              "pass": false,
              "fail": true,
              "pending": false,
              "context": null,
              "code": "cy.get('h1#title').should('contain.text', 'Paleta de Cores');",
              "err": {
                "message": "CypressError: Timed out retrying: Expected to find element: 'h1#title', but never found it.",
                "estack": "CypressError: Timed out retrying: Expected to find element: 'h1#title', but never found it.\n    at cypressErr (http://localhost:45855/__cypress/runner/cypress_runner.js:149934:9)\n    at throwErr (http://localhost:45855/__cypress/runner/cypress_runner.js:149867:11)\n    at Object.throwErrByPath (http://localhost:45855/__cypress/runner/cypress_runner.js:149915:3)\n    at retry (http://localhost:45855/__cypress/runner/cypress_runner.js:144197:19)\n    at onFailFn (http://localhost:45855/__cypress/runner/cypress_runner.js:132448:16)\n    at tryCatcher (http://localhost:45855/__cypress/runner/cypress_runner.js:167415:23)\n    at Promise._settlePromiseFromHandler (http://localhost:45855/__cypress/runner/cypress_runner.js:165351:31)\n    at Promise._settlePromise (http://localhost:45855/__cypress/runner/cypress_runner.js:165408:18)\n    at Promise._settlePromise0 (http://localhost:45855/__cypress/runner/cypress_runner.js:165453:10)\n    at Promise._settlePromises (http://localhost:45855/__cypress/runner/cypress_runner.js:165528:18)\n    at Async../node_modules/bluebird/js/release/async.js.Async._drainQueue (http://localhost:45855/__cypress/runner/cypress_runner.js:162140:16)\n    at Async../node_modules/bluebird/js/release/async.js.Async._drainQueues (http://localhost:45855/__cypress/runner/cypress_runner.js:162150:10)\n    at Async.drainQueues (http://localhost:45855/__cypress/runner/cypress_runner.js:162024:14)",
                "diff": null
              },
              "uuid": "ede93eb9-a9f6-4d7b-a0dd-92a847f953f1",
              "parentUUID": "12ca7178-0848-416c-9af3-83ab7318a373",
              "isHook": false,
              "skipped": false
            }
          ],
          "suites": [],
          "passes": [],
          "failures": [
            "ede93eb9-a9f6-4d7b-a0dd-92a847f953f1"
          ],
          "pending": [],
          "skipped": [],
          "duration": 8223,
          "root": false,
          "rootEmpty": false,
          "_timeout": 2000
        },
        {
          "uuid": "f1287a77-4a6a-44cb-92e0-d7a76475381a",
          "title": "2 - Adicione à página uma paleta de quatro cores distintas.",
          "fullFile": "",
          "file": "",
          "beforeHooks": [],
          "afterHooks": [],
          "tests": [
            {
              "title": "A paleta de cores deve ser um elemento com `id` denominado `color-palette` e ter mais de 0px de altura e de largura.",
              "fullTitle": "2 - Adicione à página uma paleta de quatro cores distintas. A paleta de cores deve ser um elemento com `id` denominado `color-palette` e ter mais de 0px de altura e de largura.",
              "timedOut": null,
              "duration": 7660,
              "state": "failed",
              "speed": null,
              "pass": false,
              "fail": true,
              "pending": false,
              "context": null,
              "code": "cy.get('#color-palette').should('be.visible');\ncy.get('#color-palette').children('.color');",
              "err": {
                "message": "CypressError: Timed out retrying: Expected to find element: '#color-palette', but never found it.",
                "estack": "CypressError: Timed out retrying: Expected to find element: '#color-palette', but never found it.\n    at cypressErr (http://localhost:45855/__cypress/runner/cypress_runner.js:149934:9)\n    at throwErr (http://localhost:45855/__cypress/runner/cypress_runner.js:149867:11)\n    at Object.throwErrByPath (http://localhost:45855/__cypress/runner/cypress_runner.js:149915:3)\n    at retry (http://localhost:45855/__cypress/runner/cypress_runner.js:144197:19)\n    at onFailFn (http://localhost:45855/__cypress/runner/cypress_runner.js:132448:16)\n    at tryCatcher (http://localhost:45855/__cypress/runner/cypress_runner.js:167415:23)\n    at Promise._settlePromiseFromHandler (http://localhost:45855/__cypress/runner/cypress_runner.js:165351:31)\n    at Promise._settlePromise (http://localhost:45855/__cypress/runner/cypress_runner.js:165408:18)\n    at Promise._settlePromise0 (http://localhost:45855/__cypress/runner/cypress_runner.js:165453:10)\n    at Promise._settlePromises (http://localhost:45855/__cypress/runner/cypress_runner.js:165528:18)\n    at Async../node_modules/bluebird/js/release/async.js.Async._drainQueue (http://localhost:45855/__cypress/runner/cypress_runner.js:162140:16)\n    at Async../node_modules/bluebird/js/release/async.js.Async._drainQueues (http://localhost:45855/__cypress/runner/cypress_runner.js:162150:10)\n    at Async.drainQueues (http://localhost:45855/__cypress/runner/cypress_runner.js:162024:14)",
                "diff": null
              },
              "uuid": "b04f2803-93f4-4331-8ab9-3eaece24193e",
              "parentUUID": "f1287a77-4a6a-44cb-92e0-d7a76475381a",
              "isHook": false,
              "skipped": false
            },
            {
              "title": "Verifica se cada cor individual da paleta de cores possui a `classe` chamada `color`.",
              "fullTitle": "2 - Adicione à página uma paleta de quatro cores distintas. Verifica se cada cor individual da paleta de cores possui a `classe` chamada `color`.",
              "timedOut": null,
              "duration": 6669,
              "state": "failed",
              "speed": null,
              "pass": false,
              "fail": true,
              "pending": false,
              "context": null,
              "code": "cy.get('.color').should('have.length', 4).then(function (colors) {\n  for (var i = 0; i < colors.length; i++) {\n    cy.wrap(colors[i]).should('be.visible');\n  }\n});",
              "err": {
                "message": "CypressError: Timed out retrying: Expected to find element: '.color', but never found it.",
                "estack": "CypressError: Timed out retrying: Expected to find element: '.color', but never found it.\n    at cypressErr (http://localhost:45855/__cypress/runner/cypress_runner.js:149934:9)\n    at throwErr (http://localhost:45855/__cypress/runner/cypress_runner.js:149867:11)\n    at Object.throwErrByPath (http://localhost:45855/__cypress/runner/cypress_runner.js:149915:3)\n    at retry (http://localhost:45855/__cypress/runner/cypress_runner.js:144197:19)\n    at onFailFn (http://localhost:45855/__cypress/runner/cypress_runner.js:132448:16)\n    at tryCatcher (http://localhost:45855/__cypress/runner/cypress_runner.js:167415:23)\n    at Promise._settlePromiseFromHandler (http://localhost:45855/__cypress/runner/cypress_runner.js:165351:31)\n    at Promise._settlePromise (http://localhost:45855/__cypress/runner/cypress_runner.js:165408:18)\n    at Promise._settlePromise0 (http://localhost:45855/__cypress/runner/cypress_runner.js:165453:10)\n    at Promise._settlePromises (http://localhost:45855/__cypress/runner/cypress_runner.js:165528:18)\n    at Async../node_modules/bluebird/js/release/async.js.Async._drainQueue (http://localhost:45855/__cypress/runner/cypress_runner.js:162140:16)\n    at Async../node_modules/bluebird/js/release/async.js.Async._drainQueues (http://localhost:45855/__cypress/runner/cypress_runner.js:162150:10)\n    at Async.drainQueues (http://localhost:45855/__cypress/runner/cypress_runner.js:162024:14)",
                "diff": null
              },
              "uuid": "7c9425cb-d81e-4e46-a77b-35255bd45037",
              "parentUUID": "f1287a77-4a6a-44cb-92e0-d7a76475381a",
              "isHook": false,
              "skipped": false
            },
            {
              "title": "Verifica se a cor de fundo de cada elemento da paleta é a cor que o elemento representa. **A única cor não permitida na paleta é a cor branca.**",
              "fullTitle": "2 - Adicione à página uma paleta de quatro cores distintas. Verifica se a cor de fundo de cada elemento da paleta é a cor que o elemento representa. **A única cor não permitida na paleta é a cor branca.**",
              "timedOut": null,
              "duration": 6844,
              "state": "failed",
              "speed": null,
              "pass": false,
              "fail": true,
              "pending": false,
              "context": null,
              "code": "cy.get('.color').each(function (color) {\n  cy.wrap(color).should('have.class', 'color').and('not.have.css', 'background-color', WHITE);\n  cy.wrap(color).should('have.css', 'background-color');\n});",
              "err": {
                "message": "CypressError: Timed out retrying: Expected to find element: '.color', but never found it.",
                "estack": "CypressError: Timed out retrying: Expected to find element: '.color', but never found it.\n    at cypressErr (http://localhost:45855/__cypress/runner/cypress_runner.js:149934:9)\n    at throwErr (http://localhost:45855/__cypress/runner/cypress_runner.js:149867:11)\n    at Object.throwErrByPath (http://localhost:45855/__cypress/runner/cypress_runner.js:149915:3)\n    at retry (http://localhost:45855/__cypress/runner/cypress_runner.js:144197:19)\n    at onFailFn (http://localhost:45855/__cypress/runner/cypress_runner.js:132448:16)\n    at tryCatcher (http://localhost:45855/__cypress/runner/cypress_runner.js:167415:23)\n    at Promise._settlePromiseFromHandler (http://localhost:45855/__cypress/runner/cypress_runner.js:165351:31)\n    at Promise._settlePromise (http://localhost:45855/__cypress/runner/cypress_runner.js:165408:18)\n    at Promise._settlePromise0 (http://localhost:45855/__cypress/runner/cypress_runner.js:165453:10)\n    at Promise._settlePromises (http://localhost:45855/__cypress/runner/cypress_runner.js:165528:18)\n    at Async../node_modules/bluebird/js/release/async.js.Async._drainQueue (http://localhost:45855/__cypress/runner/cypress_runner.js:162140:16)\n    at Async../node_modules/bluebird/js/release/async.js.Async._drainQueues (http://localhost:45855/__cypress/runner/cypress_runner.js:162150:10)\n    at Async.drainQueues (http://localhost:45855/__cypress/runner/cypress_runner.js:162024:14)",
                "diff": null
              },
              "uuid": "d280a474-13bf-4925-8f76-c9e533cd9ea0",
              "parentUUID": "f1287a77-4a6a-44cb-92e0-d7a76475381a",
              "isHook": false,
              "skipped": false
            },
            {
              "title": "Verifica se cada elemento da paleta de cores tem uma borda preta, sólida e com 1 pixel de largura;",
              "fullTitle": "2 - Adicione à página uma paleta de quatro cores distintas. Verifica se cada elemento da paleta de cores tem uma borda preta, sólida e com 1 pixel de largura;",
              "timedOut": null,
              "duration": 6854,
              "state": "failed",
              "speed": null,
              "pass": false,
              "fail": true,
              "pending": false,
              "context": null,
              "code": "cy.get('.color').each(function (color) {\n  cy.wrap(color).and('have.css', 'border', \"1px solid \".concat(BLACK)).and('have.class', 'color');\n});",
              "err": {
                "message": "CypressError: Timed out retrying: Expected to find element: '.color', but never found it.",
                "estack": "CypressError: Timed out retrying: Expected to find element: '.color', but never found it.\n    at cypressErr (http://localhost:45855/__cypress/runner/cypress_runner.js:149934:9)\n    at throwErr (http://localhost:45855/__cypress/runner/cypress_runner.js:149867:11)\n    at Object.throwErrByPath (http://localhost:45855/__cypress/runner/cypress_runner.js:149915:3)\n    at retry (http://localhost:45855/__cypress/runner/cypress_runner.js:144197:19)\n    at onFailFn (http://localhost:45855/__cypress/runner/cypress_runner.js:132448:16)\n    at tryCatcher (http://localhost:45855/__cypress/runner/cypress_runner.js:167415:23)\n    at Promise._settlePromiseFromHandler (http://localhost:45855/__cypress/runner/cypress_runner.js:165351:31)\n    at Promise._settlePromise (http://localhost:45855/__cypress/runner/cypress_runner.js:165408:18)\n    at Promise._settlePromise0 (http://localhost:45855/__cypress/runner/cypress_runner.js:165453:10)\n    at Promise._settlePromises (http://localhost:45855/__cypress/runner/cypress_runner.js:165528:18)\n    at Async../node_modules/bluebird/js/release/async.js.Async._drainQueue (http://localhost:45855/__cypress/runner/cypress_runner.js:162140:16)\n    at Async../node_modules/bluebird/js/release/async.js.Async._drainQueues (http://localhost:45855/__cypress/runner/cypress_runner.js:162150:10)\n    at Async.drainQueues (http://localhost:45855/__cypress/runner/cypress_runner.js:162024:14)",
                "diff": null
              },
              "uuid": "95478e11-d27f-4a37-a00c-de6df8031d97",
              "parentUUID": "f1287a77-4a6a-44cb-92e0-d7a76475381a",
              "isHook": false,
              "skipped": false
            },
            {
              "title": "Verifica se a paleta lista todas as cores disponíveis para utilização, lado a lado.",
              "fullTitle": "2 - Adicione à página uma paleta de quatro cores distintas. Verifica se a paleta lista todas as cores disponíveis para utilização, lado a lado.",
              "timedOut": null,
              "duration": 6532,
              "state": "failed",
              "speed": null,
              "pass": false,
              "fail": true,
              "pending": false,
              "context": null,
              "code": "cy.get('.color').then(function (colors) {\n  for (var index = 1; index < colors.length; index += 1) {\n    var currentColor = colors[index];\n    var previousColor = colors[index - 1];\n    cy.wrap(currentColor).should('be.onTheRightOf', previousColor).and('be.horizontallyAlignedWith', previousColor);\n  }\n});",
              "err": {
                "message": "CypressError: Timed out retrying: Expected to find element: '.color', but never found it.",
                "estack": "CypressError: Timed out retrying: Expected to find element: '.color', but never found it.\n    at cypressErr (http://localhost:45855/__cypress/runner/cypress_runner.js:149934:9)\n    at throwErr (http://localhost:45855/__cypress/runner/cypress_runner.js:149867:11)\n    at Object.throwErrByPath (http://localhost:45855/__cypress/runner/cypress_runner.js:149915:3)\n    at retry (http://localhost:45855/__cypress/runner/cypress_runner.js:144197:19)\n    at onFailFn (http://localhost:45855/__cypress/runner/cypress_runner.js:132448:16)\n    at tryCatcher (http://localhost:45855/__cypress/runner/cypress_runner.js:167415:23)\n    at Promise._settlePromiseFromHandler (http://localhost:45855/__cypress/runner/cypress_runner.js:165351:31)\n    at Promise._settlePromise (http://localhost:45855/__cypress/runner/cypress_runner.js:165408:18)\n    at Promise._settlePromise0 (http://localhost:45855/__cypress/runner/cypress_runner.js:165453:10)\n    at Promise._settlePromises (http://localhost:45855/__cypress/runner/cypress_runner.js:165528:18)\n    at Async../node_modules/bluebird/js/release/async.js.Async._drainQueue (http://localhost:45855/__cypress/runner/cypress_runner.js:162140:16)\n    at Async../node_modules/bluebird/js/release/async.js.Async._drainQueues (http://localhost:45855/__cypress/runner/cypress_runner.js:162150:10)\n    at Async.drainQueues (http://localhost:45855/__cypress/runner/cypress_runner.js:162024:14)",
                "diff": null
              },
              "uuid": "317e5a8f-5b9b-4c50-bbf8-ec0514233d56",
              "parentUUID": "f1287a77-4a6a-44cb-92e0-d7a76475381a",
              "isHook": false,
              "skipped": false
            },
            {
              "title": "Verifica se a paleta de cores está posicionada abaixo do título 'Paleta de Cores'",
              "fullTitle": "2 - Adicione à página uma paleta de quatro cores distintas. Verifica se a paleta de cores está posicionada abaixo do título 'Paleta de Cores'",
              "timedOut": null,
              "duration": 5970,
              "state": "failed",
              "speed": null,
              "pass": false,
              "fail": true,
              "pending": false,
              "context": null,
              "code": "cy.get('h1#title').then(function (title) {\n  cy.get('#color-palette').should('be.belowOf', title);\n});",
              "err": {
                "message": "CypressError: Timed out retrying: Expected to find element: 'h1#title', but never found it.",
                "estack": "CypressError: Timed out retrying: Expected to find element: 'h1#title', but never found it.\n    at cypressErr (http://localhost:45855/__cypress/runner/cypress_runner.js:149934:9)\n    at throwErr (http://localhost:45855/__cypress/runner/cypress_runner.js:149867:11)\n    at Object.throwErrByPath (http://localhost:45855/__cypress/runner/cypress_runner.js:149915:3)\n    at retry (http://localhost:45855/__cypress/runner/cypress_runner.js:144197:19)\n    at onFailFn (http://localhost:45855/__cypress/runner/cypress_runner.js:132448:16)\n    at tryCatcher (http://localhost:45855/__cypress/runner/cypress_runner.js:167415:23)\n    at Promise._settlePromiseFromHandler (http://localhost:45855/__cypress/runner/cypress_runner.js:165351:31)\n    at Promise._settlePromise (http://localhost:45855/__cypress/runner/cypress_runner.js:165408:18)\n    at Promise._settlePromise0 (http://localhost:45855/__cypress/runner/cypress_runner.js:165453:10)\n    at Promise._settlePromises (http://localhost:45855/__cypress/runner/cypress_runner.js:165528:18)\n    at Async../node_modules/bluebird/js/release/async.js.Async._drainQueue (http://localhost:45855/__cypress/runner/cypress_runner.js:162140:16)\n    at Async../node_modules/bluebird/js/release/async.js.Async._drainQueues (http://localhost:45855/__cypress/runner/cypress_runner.js:162150:10)\n    at Async.drainQueues (http://localhost:45855/__cypress/runner/cypress_runner.js:162024:14)",
                "diff": null
              },
              "uuid": "22da5c55-4857-4251-ae94-ce271e67fd44",
              "parentUUID": "f1287a77-4a6a-44cb-92e0-d7a76475381a",
              "isHook": false,
              "skipped": false
            },
            {
              "title": "Verifica se a paleta de cores não contém cores repetidas.",
              "fullTitle": "2 - Adicione à página uma paleta de quatro cores distintas. Verifica se a paleta de cores não contém cores repetidas.",
              "timedOut": null,
              "duration": 6233,
              "state": "failed",
              "speed": null,
              "pass": false,
              "fail": true,
              "pending": false,
              "context": null,
              "code": "cy.get('.color').then(function (colors) {\n  var allColors = Array.from(colors).map(function (color) {\n    return Cypress.$(color).css('background-color');\n  });\n  cy.log(allColors);\n  var uniqColors = (0, _toConsumableArray2[\"default\"])(new Set(allColors));\n  cy.log(uniqColors);\n  expect(allColors.length).to.eq(uniqColors.length);\n});",
              "err": {
                "message": "CypressError: Timed out retrying: Expected to find element: '.color', but never found it.",
                "estack": "CypressError: Timed out retrying: Expected to find element: '.color', but never found it.\n    at cypressErr (http://localhost:45855/__cypress/runner/cypress_runner.js:149934:9)\n    at throwErr (http://localhost:45855/__cypress/runner/cypress_runner.js:149867:11)\n    at Object.throwErrByPath (http://localhost:45855/__cypress/runner/cypress_runner.js:149915:3)\n    at retry (http://localhost:45855/__cypress/runner/cypress_runner.js:144197:19)\n    at onFailFn (http://localhost:45855/__cypress/runner/cypress_runner.js:132448:16)\n    at tryCatcher (http://localhost:45855/__cypress/runner/cypress_runner.js:167415:23)\n    at Promise._settlePromiseFromHandler (http://localhost:45855/__cypress/runner/cypress_runner.js:165351:31)\n    at Promise._settlePromise (http://localhost:45855/__cypress/runner/cypress_runner.js:165408:18)\n    at Promise._settlePromise0 (http://localhost:45855/__cypress/runner/cypress_runner.js:165453:10)\n    at Promise._settlePromises (http://localhost:45855/__cypress/runner/cypress_runner.js:165528:18)\n    at Async../node_modules/bluebird/js/release/async.js.Async._drainQueue (http://localhost:45855/__cypress/runner/cypress_runner.js:162140:16)\n    at Async../node_modules/bluebird/js/release/async.js.Async._drainQueues (http://localhost:45855/__cypress/runner/cypress_runner.js:162150:10)\n    at Async.drainQueues (http://localhost:45855/__cypress/runner/cypress_runner.js:162024:14)",
                "diff": null
              },
              "uuid": "a89cd5a2-616f-4574-9e2c-23388bce4a23",
              "parentUUID": "f1287a77-4a6a-44cb-92e0-d7a76475381a",
              "isHook": false,
              "skipped": false
            }
          ],
          "suites": [],
          "passes": [],
          "failures": [
            "b04f2803-93f4-4331-8ab9-3eaece24193e",
            "7c9425cb-d81e-4e46-a77b-35255bd45037",
            "d280a474-13bf-4925-8f76-c9e533cd9ea0",
            "95478e11-d27f-4a37-a00c-de6df8031d97",
            "317e5a8f-5b9b-4c50-bbf8-ec0514233d56",
            "22da5c55-4857-4251-ae94-ce271e67fd44",
            "a89cd5a2-616f-4574-9e2c-23388bce4a23"
          ],
          "pending": [],
          "skipped": [],
          "duration": 46762,
          "root": false,
          "rootEmpty": false,
          "_timeout": 2000
        },
        {
          "uuid": "5bc664f0-bf22-4796-9ec4-bad925aa08b6",
          "title": "3 - Adicione a cor **preta** como a primeira cor da paleta de cores.",
          "fullFile": "",
          "file": "",
          "beforeHooks": [],
          "afterHooks": [],
          "tests": [
            {
              "title": "Verifica se a primeira cor da paleta é preta",
              "fullTitle": "3 - Adicione a cor **preta** como a primeira cor da paleta de cores. Verifica se a primeira cor da paleta é preta",
              "timedOut": null,
              "duration": 6002,
              "state": "failed",
              "speed": null,
              "pass": false,
              "fail": true,
              "pending": false,
              "context": null,
              "code": "cy.get('.color').first().should('have.css', 'background-color', BLACK);",
              "err": {
                "message": "CypressError: Timed out retrying: Expected to find element: '.color', but never found it.",
                "estack": "CypressError: Timed out retrying: Expected to find element: '.color', but never found it.\n    at cypressErr (http://localhost:45855/__cypress/runner/cypress_runner.js:149934:9)\n    at throwErr (http://localhost:45855/__cypress/runner/cypress_runner.js:149867:11)\n    at Object.throwErrByPath (http://localhost:45855/__cypress/runner/cypress_runner.js:149915:3)\n    at retry (http://localhost:45855/__cypress/runner/cypress_runner.js:144197:19)\n    at onFailFn (http://localhost:45855/__cypress/runner/cypress_runner.js:132448:16)\n    at tryCatcher (http://localhost:45855/__cypress/runner/cypress_runner.js:167415:23)\n    at Promise._settlePromiseFromHandler (http://localhost:45855/__cypress/runner/cypress_runner.js:165351:31)\n    at Promise._settlePromise (http://localhost:45855/__cypress/runner/cypress_runner.js:165408:18)\n    at Promise._settlePromise0 (http://localhost:45855/__cypress/runner/cypress_runner.js:165453:10)\n    at Promise._settlePromises (http://localhost:45855/__cypress/runner/cypress_runner.js:165528:18)\n    at Async../node_modules/bluebird/js/release/async.js.Async._drainQueue (http://localhost:45855/__cypress/runner/cypress_runner.js:162140:16)\n    at Async../node_modules/bluebird/js/release/async.js.Async._drainQueues (http://localhost:45855/__cypress/runner/cypress_runner.js:162150:10)\n    at Async.drainQueues (http://localhost:45855/__cypress/runner/cypress_runner.js:162024:14)",
                "diff": null
              },
              "uuid": "984ec49d-3b01-4473-8788-a8cdea4344d7",
              "parentUUID": "5bc664f0-bf22-4796-9ec4-bad925aa08b6",
              "isHook": false,
              "skipped": false
            },
            {
              "title": "Verifica se as demais cores podem ser escolhidas livremente.",
              "fullTitle": "3 - Adicione a cor **preta** como a primeira cor da paleta de cores. Verifica se as demais cores podem ser escolhidas livremente.",
              "timedOut": null,
              "duration": 5415,
              "state": "failed",
              "speed": null,
              "pass": false,
              "fail": true,
              "pending": false,
              "context": null,
              "code": "cy.get('.color').eq(1).should('not.have.css', 'background-color', BLACK);\ncy.get('.color').eq(1).should('not.have.css', 'background-color', WHITE);\ncy.get('.color').eq(1).should('not.have.css', 'background-color', 'rgba(0, 0, 0, 0)');\ncy.get('.color').eq(1).should('have.css', 'background-color');\ncy.get('.color').eq(2).should('not.have.css', 'background-color', BLACK);\ncy.get('.color').eq(2).should('not.have.css', 'background-color', WHITE);\ncy.get('.color').eq(2).should('not.have.css', 'background-color', 'rgba(0, 0, 0, 0)');\ncy.get('.color').eq(2).should('have.css', 'background-color');\ncy.get('.color').eq(3).should('not.have.css', 'background-color', BLACK);\ncy.get('.color').eq(3).should('not.have.css', 'background-color', WHITE);\ncy.get('.color').eq(3).should('not.have.css', 'background-color', 'rgba(0, 0, 0, 0)');\ncy.get('.color').eq(3).should('have.css', 'background-color');",
              "err": {
                "message": "CypressError: Timed out retrying: Expected to find element: '.color', but never found it.",
                "estack": "CypressError: Timed out retrying: Expected to find element: '.color', but never found it.\n    at cypressErr (http://localhost:45855/__cypress/runner/cypress_runner.js:149934:9)\n    at throwErr (http://localhost:45855/__cypress/runner/cypress_runner.js:149867:11)\n    at Object.throwErrByPath (http://localhost:45855/__cypress/runner/cypress_runner.js:149915:3)\n    at retry (http://localhost:45855/__cypress/runner/cypress_runner.js:144197:19)\n    at onFailFn (http://localhost:45855/__cypress/runner/cypress_runner.js:132448:16)\n    at tryCatcher (http://localhost:45855/__cypress/runner/cypress_runner.js:167415:23)\n    at Promise._settlePromiseFromHandler (http://localhost:45855/__cypress/runner/cypress_runner.js:165351:31)\n    at Promise._settlePromise (http://localhost:45855/__cypress/runner/cypress_runner.js:165408:18)\n    at Promise._settlePromise0 (http://localhost:45855/__cypress/runner/cypress_runner.js:165453:10)\n    at Promise._settlePromises (http://localhost:45855/__cypress/runner/cypress_runner.js:165528:18)\n    at Async../node_modules/bluebird/js/release/async.js.Async._drainQueue (http://localhost:45855/__cypress/runner/cypress_runner.js:162140:16)\n    at Async../node_modules/bluebird/js/release/async.js.Async._drainQueues (http://localhost:45855/__cypress/runner/cypress_runner.js:162150:10)\n    at Async.drainQueues (http://localhost:45855/__cypress/runner/cypress_runner.js:162024:14)",
                "diff": null
              },
              "uuid": "5598e6fc-ff0b-4324-a20a-cea59abfc90a",
              "parentUUID": "5bc664f0-bf22-4796-9ec4-bad925aa08b6",
              "isHook": false,
              "skipped": false
            }
          ],
          "suites": [],
          "passes": [],
          "failures": [
            "984ec49d-3b01-4473-8788-a8cdea4344d7",
            "5598e6fc-ff0b-4324-a20a-cea59abfc90a"
          ],
          "pending": [],
          "skipped": [],
          "duration": 11417,
          "root": false,
          "rootEmpty": false,
          "_timeout": 2000
        },
        {
          "uuid": "70b8d052-0342-4c8b-9eaf-21300f3cc9e2",
          "title": "4 - Adicione à página um quadro de pixels, com 25 pixels.",
          "fullFile": "",
          "file": "",
          "beforeHooks": [],
          "afterHooks": [],
          "tests": [
            {
              "title": "Verifica se o quadro de pixels possui o `id` denominado `pixel-board`",
              "fullTitle": "4 - Adicione à página um quadro de pixels, com 25 pixels. Verifica se o quadro de pixels possui o `id` denominado `pixel-board`",
              "timedOut": null,
              "duration": 5353,
              "state": "failed",
              "speed": null,
              "pass": false,
              "fail": true,
              "pending": false,
              "context": null,
              "code": "cy.get('#pixel-board').should('be.visible');",
              "err": {
                "message": "CypressError: Timed out retrying: Expected to find element: '#pixel-board', but never found it.",
                "estack": "CypressError: Timed out retrying: Expected to find element: '#pixel-board', but never found it.\n    at cypressErr (http://localhost:45855/__cypress/runner/cypress_runner.js:149934:9)\n    at throwErr (http://localhost:45855/__cypress/runner/cypress_runner.js:149867:11)\n    at Object.throwErrByPath (http://localhost:45855/__cypress/runner/cypress_runner.js:149915:3)\n    at retry (http://localhost:45855/__cypress/runner/cypress_runner.js:144197:19)\n    at onFailFn (http://localhost:45855/__cypress/runner/cypress_runner.js:132448:16)\n    at tryCatcher (http://localhost:45855/__cypress/runner/cypress_runner.js:167415:23)\n    at Promise._settlePromiseFromHandler (http://localhost:45855/__cypress/runner/cypress_runner.js:165351:31)\n    at Promise._settlePromise (http://localhost:45855/__cypress/runner/cypress_runner.js:165408:18)\n    at Promise._settlePromise0 (http://localhost:45855/__cypress/runner/cypress_runner.js:165453:10)\n    at Promise._settlePromises (http://localhost:45855/__cypress/runner/cypress_runner.js:165528:18)\n    at Async../node_modules/bluebird/js/release/async.js.Async._drainQueue (http://localhost:45855/__cypress/runner/cypress_runner.js:162140:16)\n    at Async../node_modules/bluebird/js/release/async.js.Async._drainQueues (http://localhost:45855/__cypress/runner/cypress_runner.js:162150:10)\n    at Async.drainQueues (http://localhost:45855/__cypress/runner/cypress_runner.js:162024:14)",
                "diff": null
              },
              "uuid": "64fd2e75-1764-4ac3-b0ad-6bd8bcc43d6d",
              "parentUUID": "70b8d052-0342-4c8b-9eaf-21300f3cc9e2",
              "isHook": false,
              "skipped": false
            },
            {
              "title": "Verifica se cada pixel individual dentro do quadro possui a `classe` denominada `pixel`.",
              "fullTitle": "4 - Adicione à página um quadro de pixels, com 25 pixels. Verifica se cada pixel individual dentro do quadro possui a `classe` denominada `pixel`.",
              "timedOut": null,
              "duration": 6097,
              "state": "failed",
              "speed": null,
              "pass": false,
              "fail": true,
              "pending": false,
              "context": null,
              "code": "cy.get('.pixel').should('have.length', 25);",
              "err": {
                "message": "CypressError: Timed out retrying: Expected to find element: '.pixel', but never found it.",
                "estack": "CypressError: Timed out retrying: Expected to find element: '.pixel', but never found it.\n    at cypressErr (http://localhost:45855/__cypress/runner/cypress_runner.js:149934:9)\n    at throwErr (http://localhost:45855/__cypress/runner/cypress_runner.js:149867:11)\n    at Object.throwErrByPath (http://localhost:45855/__cypress/runner/cypress_runner.js:149915:3)\n    at retry (http://localhost:45855/__cypress/runner/cypress_runner.js:144197:19)\n    at onFailFn (http://localhost:45855/__cypress/runner/cypress_runner.js:132448:16)\n    at tryCatcher (http://localhost:45855/__cypress/runner/cypress_runner.js:167415:23)\n    at Promise._settlePromiseFromHandler (http://localhost:45855/__cypress/runner/cypress_runner.js:165351:31)\n    at Promise._settlePromise (http://localhost:45855/__cypress/runner/cypress_runner.js:165408:18)\n    at Promise._settlePromise0 (http://localhost:45855/__cypress/runner/cypress_runner.js:165453:10)\n    at Promise._settlePromises (http://localhost:45855/__cypress/runner/cypress_runner.js:165528:18)\n    at Async../node_modules/bluebird/js/release/async.js.Async._drainQueue (http://localhost:45855/__cypress/runner/cypress_runner.js:162140:16)\n    at Async../node_modules/bluebird/js/release/async.js.Async._drainQueues (http://localhost:45855/__cypress/runner/cypress_runner.js:162150:10)\n    at Async.drainQueues (http://localhost:45855/__cypress/runner/cypress_runner.js:162024:14)",
                "diff": null
              },
              "uuid": "4067cdbf-ed06-42d8-982a-041df0b41020",
              "parentUUID": "70b8d052-0342-4c8b-9eaf-21300f3cc9e2",
              "isHook": false,
              "skipped": false
            },
            {
              "title": "Verifica se a cor inicial dos pixels dentro do quadro, ao abrir a página, é branca.",
              "fullTitle": "4 - Adicione à página um quadro de pixels, com 25 pixels. Verifica se a cor inicial dos pixels dentro do quadro, ao abrir a página, é branca.",
              "timedOut": null,
              "duration": 6362,
              "state": "failed",
              "speed": null,
              "pass": false,
              "fail": true,
              "pending": false,
              "context": null,
              "code": "cy.get('.pixel').should('have.length', 25).each(function (pixel) {\n  expect(pixel).to.have.css('background-color', WHITE);\n});",
              "err": {
                "message": "CypressError: Timed out retrying: Expected to find element: '.pixel', but never found it.",
                "estack": "CypressError: Timed out retrying: Expected to find element: '.pixel', but never found it.\n    at cypressErr (http://localhost:45855/__cypress/runner/cypress_runner.js:149934:9)\n    at throwErr (http://localhost:45855/__cypress/runner/cypress_runner.js:149867:11)\n    at Object.throwErrByPath (http://localhost:45855/__cypress/runner/cypress_runner.js:149915:3)\n    at retry (http://localhost:45855/__cypress/runner/cypress_runner.js:144197:19)\n    at onFailFn (http://localhost:45855/__cypress/runner/cypress_runner.js:132448:16)\n    at tryCatcher (http://localhost:45855/__cypress/runner/cypress_runner.js:167415:23)\n    at Promise._settlePromiseFromHandler (http://localhost:45855/__cypress/runner/cypress_runner.js:165351:31)\n    at Promise._settlePromise (http://localhost:45855/__cypress/runner/cypress_runner.js:165408:18)\n    at Promise._settlePromise0 (http://localhost:45855/__cypress/runner/cypress_runner.js:165453:10)\n    at Promise._settlePromises (http://localhost:45855/__cypress/runner/cypress_runner.js:165528:18)\n    at Async../node_modules/bluebird/js/release/async.js.Async._drainQueue (http://localhost:45855/__cypress/runner/cypress_runner.js:162140:16)\n    at Async../node_modules/bluebird/js/release/async.js.Async._drainQueues (http://localhost:45855/__cypress/runner/cypress_runner.js:162150:10)\n    at Async.drainQueues (http://localhost:45855/__cypress/runner/cypress_runner.js:162024:14)",
                "diff": null
              },
              "uuid": "43518429-5fcf-4fd1-b381-fbfde14b5a03",
              "parentUUID": "70b8d052-0342-4c8b-9eaf-21300f3cc9e2",
              "isHook": false,
              "skipped": false
            },
            {
              "title": "Verifica se o quadro de pixels aparece abaixo da paleta de cores",
              "fullTitle": "4 - Adicione à página um quadro de pixels, com 25 pixels. Verifica se o quadro de pixels aparece abaixo da paleta de cores",
              "timedOut": null,
              "duration": 6667,
              "state": "failed",
              "speed": null,
              "pass": false,
              "fail": true,
              "pending": false,
              "context": null,
              "code": "cy.get('#color-palette').then(function (palette) {\n  cy.get('#pixel-board').should('be.belowOf', palette);\n});",
              "err": {
                "message": "CypressError: Timed out retrying: Expected to find element: '#color-palette', but never found it.",
                "estack": "CypressError: Timed out retrying: Expected to find element: '#color-palette', but never found it.\n    at cypressErr (http://localhost:45855/__cypress/runner/cypress_runner.js:149934:9)\n    at throwErr (http://localhost:45855/__cypress/runner/cypress_runner.js:149867:11)\n    at Object.throwErrByPath (http://localhost:45855/__cypress/runner/cypress_runner.js:149915:3)\n    at retry (http://localhost:45855/__cypress/runner/cypress_runner.js:144197:19)\n    at onFailFn (http://localhost:45855/__cypress/runner/cypress_runner.js:132448:16)\n    at tryCatcher (http://localhost:45855/__cypress/runner/cypress_runner.js:167415:23)\n    at Promise._settlePromiseFromHandler (http://localhost:45855/__cypress/runner/cypress_runner.js:165351:31)\n    at Promise._settlePromise (http://localhost:45855/__cypress/runner/cypress_runner.js:165408:18)\n    at Promise._settlePromise0 (http://localhost:45855/__cypress/runner/cypress_runner.js:165453:10)\n    at Promise._settlePromises (http://localhost:45855/__cypress/runner/cypress_runner.js:165528:18)\n    at Async../node_modules/bluebird/js/release/async.js.Async._drainQueue (http://localhost:45855/__cypress/runner/cypress_runner.js:162140:16)\n    at Async../node_modules/bluebird/js/release/async.js.Async._drainQueues (http://localhost:45855/__cypress/runner/cypress_runner.js:162150:10)\n    at Async.drainQueues (http://localhost:45855/__cypress/runner/cypress_runner.js:162024:14)",
                "diff": null
              },
              "uuid": "9ea49070-27f7-4799-b62f-9f376c582a83",
              "parentUUID": "70b8d052-0342-4c8b-9eaf-21300f3cc9e2",
              "isHook": false,
              "skipped": false
            }
          ],
          "suites": [],
          "passes": [],
          "failures": [
            "64fd2e75-1764-4ac3-b0ad-6bd8bcc43d6d",
            "4067cdbf-ed06-42d8-982a-041df0b41020",
            "43518429-5fcf-4fd1-b381-fbfde14b5a03",
            "9ea49070-27f7-4799-b62f-9f376c582a83"
          ],
          "pending": [],
          "skipped": [],
          "duration": 24479,
          "root": false,
          "rootEmpty": false,
          "_timeout": 2000
        },
        {
          "uuid": "502b2425-5a99-4aad-87aa-d090069fba3f",
          "title": "5 - Faça com que cada elemento do quadro de pixels possua 40 pixels de largura, 40 pixels de altura e seja delimitado por uma borda preta de 1 pixel.",
          "fullFile": "",
          "file": "",
          "beforeHooks": [],
          "afterHooks": [],
          "tests": [
            {
              "title": "Verifica se o quadro de pixels tem altura e comprimento de 5 elementos",
              "fullTitle": "5 - Faça com que cada elemento do quadro de pixels possua 40 pixels de largura, 40 pixels de altura e seja delimitado por uma borda preta de 1 pixel. Verifica se o quadro de pixels tem altura e comprimento de 5 elementos",
              "timedOut": null,
              "duration": 8061,
              "state": "failed",
              "speed": null,
              "pass": false,
              "fail": true,
              "pending": false,
              "context": null,
              "code": "cy.get('.pixel').should('have.length', 25).each(function (pixel) {\n  expect(pixel).to.have.css('background-color', WHITE);\n}).and(function (pixels) {\n  var rows = chunk(pixels, 5);\n  rows.forEach(function (row) {\n    for (var index = 1; index < row.length; index += 1) {\n      var current = pixels[index];\n      var previous = pixels[index - 1];\n      cy.wrap(current).should('be.onTheRightOf', previous).and('be.horizontallyAlignedWith', previous);\n    }\n  });\n  for (var index = 1; index < 5; index += 1) {\n    expect(pixels[index * 5]).to.be.belowOf(pixels[(index - 1) * 5]);\n  }\n});",
              "err": {
                "message": "CypressError: Timed out retrying: Expected to find element: '.pixel', but never found it.",
                "estack": "CypressError: Timed out retrying: Expected to find element: '.pixel', but never found it.\n    at cypressErr (http://localhost:45855/__cypress/runner/cypress_runner.js:149934:9)\n    at throwErr (http://localhost:45855/__cypress/runner/cypress_runner.js:149867:11)\n    at Object.throwErrByPath (http://localhost:45855/__cypress/runner/cypress_runner.js:149915:3)\n    at retry (http://localhost:45855/__cypress/runner/cypress_runner.js:144197:19)\n    at onFailFn (http://localhost:45855/__cypress/runner/cypress_runner.js:132448:16)\n    at tryCatcher (http://localhost:45855/__cypress/runner/cypress_runner.js:167415:23)\n    at Promise._settlePromiseFromHandler (http://localhost:45855/__cypress/runner/cypress_runner.js:165351:31)\n    at Promise._settlePromise (http://localhost:45855/__cypress/runner/cypress_runner.js:165408:18)\n    at Promise._settlePromise0 (http://localhost:45855/__cypress/runner/cypress_runner.js:165453:10)\n    at Promise._settlePromises (http://localhost:45855/__cypress/runner/cypress_runner.js:165528:18)\n    at Async../node_modules/bluebird/js/release/async.js.Async._drainQueue (http://localhost:45855/__cypress/runner/cypress_runner.js:162140:16)\n    at Async../node_modules/bluebird/js/release/async.js.Async._drainQueues (http://localhost:45855/__cypress/runner/cypress_runner.js:162150:10)\n    at Async.drainQueues (http://localhost:45855/__cypress/runner/cypress_runner.js:162024:14)",
                "diff": null
              },
              "uuid": "fd96678c-6cfa-488d-8511-8289a45f4b84",
              "parentUUID": "502b2425-5a99-4aad-87aa-d090069fba3f",
              "isHook": false,
              "skipped": false
            },
            {
              "title": "Verifica se 40 pixels é o tamanho total do elemento, incluindo seu conteúdo e excluindo a borda preta, que deve ser criada à parte.",
              "fullTitle": "5 - Faça com que cada elemento do quadro de pixels possua 40 pixels de largura, 40 pixels de altura e seja delimitado por uma borda preta de 1 pixel. Verifica se 40 pixels é o tamanho total do elemento, incluindo seu conteúdo e excluindo a borda preta, que deve ser criada à parte.",
              "timedOut": null,
              "duration": 5733,
              "state": "failed",
              "speed": null,
              "pass": false,
              "fail": true,
              "pending": false,
              "context": null,
              "code": "cy.get('.pixel').each(function (pixel) {\n  cy.wrap(pixel).should('have.css', 'height', '40px').and('have.css', 'width', '40px').and('have.css', 'border', \"1px solid \".concat(BLACK));\n});",
              "err": {
                "message": "CypressError: Timed out retrying: Expected to find element: '.pixel', but never found it.",
                "estack": "CypressError: Timed out retrying: Expected to find element: '.pixel', but never found it.\n    at cypressErr (http://localhost:45855/__cypress/runner/cypress_runner.js:149934:9)\n    at throwErr (http://localhost:45855/__cypress/runner/cypress_runner.js:149867:11)\n    at Object.throwErrByPath (http://localhost:45855/__cypress/runner/cypress_runner.js:149915:3)\n    at retry (http://localhost:45855/__cypress/runner/cypress_runner.js:144197:19)\n    at onFailFn (http://localhost:45855/__cypress/runner/cypress_runner.js:132448:16)\n    at tryCatcher (http://localhost:45855/__cypress/runner/cypress_runner.js:167415:23)\n    at Promise._settlePromiseFromHandler (http://localhost:45855/__cypress/runner/cypress_runner.js:165351:31)\n    at Promise._settlePromise (http://localhost:45855/__cypress/runner/cypress_runner.js:165408:18)\n    at Promise._settlePromise0 (http://localhost:45855/__cypress/runner/cypress_runner.js:165453:10)\n    at Promise._settlePromises (http://localhost:45855/__cypress/runner/cypress_runner.js:165528:18)\n    at Async../node_modules/bluebird/js/release/async.js.Async._drainQueue (http://localhost:45855/__cypress/runner/cypress_runner.js:162140:16)\n    at Async../node_modules/bluebird/js/release/async.js.Async._drainQueues (http://localhost:45855/__cypress/runner/cypress_runner.js:162150:10)\n    at Async.drainQueues (http://localhost:45855/__cypress/runner/cypress_runner.js:162024:14)",
                "diff": null
              },
              "uuid": "5e4d7abf-661a-44b6-9ba2-d65d42e2c397",
              "parentUUID": "502b2425-5a99-4aad-87aa-d090069fba3f",
              "isHook": false,
              "skipped": false
            }
          ],
          "suites": [],
          "passes": [],
          "failures": [
            "fd96678c-6cfa-488d-8511-8289a45f4b84",
            "5e4d7abf-661a-44b6-9ba2-d65d42e2c397"
          ],
          "pending": [],
          "skipped": [],
          "duration": 13794,
          "root": false,
          "rootEmpty": false,
          "_timeout": 2000
        },
        {
          "uuid": "8a68e951-6586-47b2-9cc5-e9b1e8e330a9",
          "title": "6 - Defina a cor preta como cor inicial. Ao carregar a página a cor preta já deve estar selecionada para pintar os pixels",
          "fullFile": "",
          "file": "",
          "beforeHooks": [],
          "afterHooks": [],
          "tests": [
            {
              "title": "Verifica se o elemento da cor preta possui, inicialmente, a `classe` `selected`",
              "fullTitle": "6 - Defina a cor preta como cor inicial. Ao carregar a página a cor preta já deve estar selecionada para pintar os pixels Verifica se o elemento da cor preta possui, inicialmente, a `classe` `selected`",
              "timedOut": null,
              "duration": 6171,
              "state": "failed",
              "speed": null,
              "pass": false,
              "fail": true,
              "pending": false,
              "context": null,
              "code": "cy.get('.selected').first().should('have.css', 'background-color', BLACK);",
              "err": {
                "message": "CypressError: Timed out retrying: Expected to find element: '.selected', but never found it.",
                "estack": "CypressError: Timed out retrying: Expected to find element: '.selected', but never found it.\n    at cypressErr (http://localhost:45855/__cypress/runner/cypress_runner.js:149934:9)\n    at throwErr (http://localhost:45855/__cypress/runner/cypress_runner.js:149867:11)\n    at Object.throwErrByPath (http://localhost:45855/__cypress/runner/cypress_runner.js:149915:3)\n    at retry (http://localhost:45855/__cypress/runner/cypress_runner.js:144197:19)\n    at onFailFn (http://localhost:45855/__cypress/runner/cypress_runner.js:132448:16)\n    at tryCatcher (http://localhost:45855/__cypress/runner/cypress_runner.js:167415:23)\n    at Promise._settlePromiseFromHandler (http://localhost:45855/__cypress/runner/cypress_runner.js:165351:31)\n    at Promise._settlePromise (http://localhost:45855/__cypress/runner/cypress_runner.js:165408:18)\n    at Promise._settlePromise0 (http://localhost:45855/__cypress/runner/cypress_runner.js:165453:10)\n    at Promise._settlePromises (http://localhost:45855/__cypress/runner/cypress_runner.js:165528:18)\n    at Async../node_modules/bluebird/js/release/async.js.Async._drainQueue (http://localhost:45855/__cypress/runner/cypress_runner.js:162140:16)\n    at Async../node_modules/bluebird/js/release/async.js.Async._drainQueues (http://localhost:45855/__cypress/runner/cypress_runner.js:162150:10)\n    at Async.drainQueues (http://localhost:45855/__cypress/runner/cypress_runner.js:162024:14)",
                "diff": null
              },
              "uuid": "c0d022ca-d104-488e-97f8-5986d1ffd38c",
              "parentUUID": "8a68e951-6586-47b2-9cc5-e9b1e8e330a9",
              "isHook": false,
              "skipped": false
            },
            {
              "title": "Verifica se nenhuma outra cor da paleta tem a `classe` `selected`",
              "fullTitle": "6 - Defina a cor preta como cor inicial. Ao carregar a página a cor preta já deve estar selecionada para pintar os pixels Verifica se nenhuma outra cor da paleta tem a `classe` `selected`",
              "timedOut": null,
              "duration": 6080,
              "state": "failed",
              "speed": null,
              "pass": false,
              "fail": true,
              "pending": false,
              "context": null,
              "code": "cy.get('.color:not(:first-child)').each(function (color) {\n  cy.wrap(color).should('not.have.class', 'selected');\n});",
              "err": {
                "message": "CypressError: Timed out retrying: Expected to find element: '.color:not(:first-child)', but never found it.",
                "estack": "CypressError: Timed out retrying: Expected to find element: '.color:not(:first-child)', but never found it.\n    at cypressErr (http://localhost:45855/__cypress/runner/cypress_runner.js:149934:9)\n    at throwErr (http://localhost:45855/__cypress/runner/cypress_runner.js:149867:11)\n    at Object.throwErrByPath (http://localhost:45855/__cypress/runner/cypress_runner.js:149915:3)\n    at retry (http://localhost:45855/__cypress/runner/cypress_runner.js:144197:19)\n    at onFailFn (http://localhost:45855/__cypress/runner/cypress_runner.js:132448:16)\n    at tryCatcher (http://localhost:45855/__cypress/runner/cypress_runner.js:167415:23)\n    at Promise._settlePromiseFromHandler (http://localhost:45855/__cypress/runner/cypress_runner.js:165351:31)\n    at Promise._settlePromise (http://localhost:45855/__cypress/runner/cypress_runner.js:165408:18)\n    at Promise._settlePromise0 (http://localhost:45855/__cypress/runner/cypress_runner.js:165453:10)\n    at Promise._settlePromises (http://localhost:45855/__cypress/runner/cypress_runner.js:165528:18)\n    at Async../node_modules/bluebird/js/release/async.js.Async._drainQueue (http://localhost:45855/__cypress/runner/cypress_runner.js:162140:16)\n    at Async../node_modules/bluebird/js/release/async.js.Async._drainQueues (http://localhost:45855/__cypress/runner/cypress_runner.js:162150:10)\n    at Async.drainQueues (http://localhost:45855/__cypress/runner/cypress_runner.js:162024:14)",
                "diff": null
              },
              "uuid": "280efea5-8387-4553-bfd7-c5e2fff36dbd",
              "parentUUID": "8a68e951-6586-47b2-9cc5-e9b1e8e330a9",
              "isHook": false,
              "skipped": false
            }
          ],
          "suites": [],
          "passes": [],
          "failures": [
            "c0d022ca-d104-488e-97f8-5986d1ffd38c",
            "280efea5-8387-4553-bfd7-c5e2fff36dbd"
          ],
          "pending": [],
          "skipped": [],
          "duration": 12251,
          "root": false,
          "rootEmpty": false,
          "_timeout": 2000
        },
        {
          "uuid": "5acfb9d9-a964-47ba-b81a-3dbd4b9659d6",
          "title": "7 - Clicar em uma das cores da paleta, faz com que ela seja selecionada e utilizada para preencher os pixels no quadro.",
          "fullFile": "",
          "file": "",
          "beforeHooks": [],
          "afterHooks": [],
          "tests": [
            {
              "title": "Verifica se somente uma cor da paleta de cores tem a classe `selected` de cada vez",
              "fullTitle": "7 - Clicar em uma das cores da paleta, faz com que ela seja selecionada e utilizada para preencher os pixels no quadro. Verifica se somente uma cor da paleta de cores tem a classe `selected` de cada vez",
              "timedOut": null,
              "duration": 6359,
              "state": "failed",
              "speed": null,
              "pass": false,
              "fail": true,
              "pending": false,
              "context": null,
              "code": "cy.get('.color').each(function (selectedColor, selectedColorIndex) {\n  cy.wrap(selectedColor).click();\n  cy.get('.color').each(function (color, colorIndex) {\n    if (colorIndex === selectedColorIndex) {\n      expect(color).to.have[\"class\"]('selected');\n    } else {\n      expect(color).not.to.have[\"class\"]('selected');\n    }\n  });\n});",
              "err": {
                "message": "CypressError: Timed out retrying: Expected to find element: '.color', but never found it.",
                "estack": "CypressError: Timed out retrying: Expected to find element: '.color', but never found it.\n    at cypressErr (http://localhost:45855/__cypress/runner/cypress_runner.js:149934:9)\n    at throwErr (http://localhost:45855/__cypress/runner/cypress_runner.js:149867:11)\n    at Object.throwErrByPath (http://localhost:45855/__cypress/runner/cypress_runner.js:149915:3)\n    at retry (http://localhost:45855/__cypress/runner/cypress_runner.js:144197:19)\n    at onFailFn (http://localhost:45855/__cypress/runner/cypress_runner.js:132448:16)\n    at tryCatcher (http://localhost:45855/__cypress/runner/cypress_runner.js:167415:23)\n    at Promise._settlePromiseFromHandler (http://localhost:45855/__cypress/runner/cypress_runner.js:165351:31)\n    at Promise._settlePromise (http://localhost:45855/__cypress/runner/cypress_runner.js:165408:18)\n    at Promise._settlePromise0 (http://localhost:45855/__cypress/runner/cypress_runner.js:165453:10)\n    at Promise._settlePromises (http://localhost:45855/__cypress/runner/cypress_runner.js:165528:18)\n    at Async../node_modules/bluebird/js/release/async.js.Async._drainQueue (http://localhost:45855/__cypress/runner/cypress_runner.js:162140:16)\n    at Async../node_modules/bluebird/js/release/async.js.Async._drainQueues (http://localhost:45855/__cypress/runner/cypress_runner.js:162150:10)\n    at Async.drainQueues (http://localhost:45855/__cypress/runner/cypress_runner.js:162024:14)",
                "diff": null
              },
              "uuid": "21cbe1f6-6614-4969-b8f9-58045a8b72ec",
              "parentUUID": "5acfb9d9-a964-47ba-b81a-3dbd4b9659d6",
              "isHook": false,
              "skipped": false
            },
            {
              "title": "Verifica se os pixels dentro do quadro não têm a classe `selected` quando são clicados",
              "fullTitle": "7 - Clicar em uma das cores da paleta, faz com que ela seja selecionada e utilizada para preencher os pixels no quadro. Verifica se os pixels dentro do quadro não têm a classe `selected` quando são clicados",
              "timedOut": null,
              "duration": 5917,
              "state": "failed",
              "speed": null,
              "pass": false,
              "fail": true,
              "pending": false,
              "context": null,
              "code": "cy.get('.color').each(function (color) {\n  var backgroundColor = color.css('background-color');\n  cy.wrap(color).click();\n  cy.get('.pixel').each(function (pixel) {\n    cy.wrap(pixel).click().should('not.have.class', 'selected');\n  });\n});",
              "err": {
                "message": "CypressError: Timed out retrying: Expected to find element: '.color', but never found it.",
                "estack": "CypressError: Timed out retrying: Expected to find element: '.color', but never found it.\n    at cypressErr (http://localhost:45855/__cypress/runner/cypress_runner.js:149934:9)\n    at throwErr (http://localhost:45855/__cypress/runner/cypress_runner.js:149867:11)\n    at Object.throwErrByPath (http://localhost:45855/__cypress/runner/cypress_runner.js:149915:3)\n    at retry (http://localhost:45855/__cypress/runner/cypress_runner.js:144197:19)\n    at onFailFn (http://localhost:45855/__cypress/runner/cypress_runner.js:132448:16)\n    at tryCatcher (http://localhost:45855/__cypress/runner/cypress_runner.js:167415:23)\n    at Promise._settlePromiseFromHandler (http://localhost:45855/__cypress/runner/cypress_runner.js:165351:31)\n    at Promise._settlePromise (http://localhost:45855/__cypress/runner/cypress_runner.js:165408:18)\n    at Promise._settlePromise0 (http://localhost:45855/__cypress/runner/cypress_runner.js:165453:10)\n    at Promise._settlePromises (http://localhost:45855/__cypress/runner/cypress_runner.js:165528:18)\n    at Async../node_modules/bluebird/js/release/async.js.Async._drainQueue (http://localhost:45855/__cypress/runner/cypress_runner.js:162140:16)\n    at Async../node_modules/bluebird/js/release/async.js.Async._drainQueues (http://localhost:45855/__cypress/runner/cypress_runner.js:162150:10)\n    at Async.drainQueues (http://localhost:45855/__cypress/runner/cypress_runner.js:162024:14)",
                "diff": null
              },
              "uuid": "641bbbb1-dfcc-4be6-b30c-f9b360de6a2d",
              "parentUUID": "5acfb9d9-a964-47ba-b81a-3dbd4b9659d6",
              "isHook": false,
              "skipped": false
            }
          ],
          "suites": [],
          "passes": [],
          "failures": [
            "21cbe1f6-6614-4969-b8f9-58045a8b72ec",
            "641bbbb1-dfcc-4be6-b30c-f9b360de6a2d"
          ],
          "pending": [],
          "skipped": [],
          "duration": 12276,
          "root": false,
          "rootEmpty": false,
          "_timeout": 2000
        },
        {
          "uuid": "ec9eebe6-f2a5-4e11-9924-82c73d8313c8",
          "title": "8 - Clicar em um pixel dentro do quadro após selecionar uma cor na paleta, faz com que o pixel seja preenchido com a cor selecionada.",
          "fullFile": "",
          "file": "",
          "beforeHooks": [],
          "afterHooks": [],
          "tests": [
            {
              "title": "Verifica se ao carregar a página deve ser possível pintar os pixels de preto",
              "fullTitle": "8 - Clicar em um pixel dentro do quadro após selecionar uma cor na paleta, faz com que o pixel seja preenchido com a cor selecionada. Verifica se ao carregar a página deve ser possível pintar os pixels de preto",
              "timedOut": null,
              "duration": 5958,
              "state": "failed",
              "speed": null,
              "pass": false,
              "fail": true,
              "pending": false,
              "context": null,
              "code": "cy.get('.pixel').each(function (pixel) {\n  cy.wrap(pixel).click().should('have.css', 'background-color', BLACK);\n});",
              "err": {
                "message": "CypressError: Timed out retrying: Expected to find element: '.pixel', but never found it.",
                "estack": "CypressError: Timed out retrying: Expected to find element: '.pixel', but never found it.\n    at cypressErr (http://localhost:45855/__cypress/runner/cypress_runner.js:149934:9)\n    at throwErr (http://localhost:45855/__cypress/runner/cypress_runner.js:149867:11)\n    at Object.throwErrByPath (http://localhost:45855/__cypress/runner/cypress_runner.js:149915:3)\n    at retry (http://localhost:45855/__cypress/runner/cypress_runner.js:144197:19)\n    at onFailFn (http://localhost:45855/__cypress/runner/cypress_runner.js:132448:16)\n    at tryCatcher (http://localhost:45855/__cypress/runner/cypress_runner.js:167415:23)\n    at Promise._settlePromiseFromHandler (http://localhost:45855/__cypress/runner/cypress_runner.js:165351:31)\n    at Promise._settlePromise (http://localhost:45855/__cypress/runner/cypress_runner.js:165408:18)\n    at Promise._settlePromise0 (http://localhost:45855/__cypress/runner/cypress_runner.js:165453:10)\n    at Promise._settlePromises (http://localhost:45855/__cypress/runner/cypress_runner.js:165528:18)\n    at Async../node_modules/bluebird/js/release/async.js.Async._drainQueue (http://localhost:45855/__cypress/runner/cypress_runner.js:162140:16)\n    at Async../node_modules/bluebird/js/release/async.js.Async._drainQueues (http://localhost:45855/__cypress/runner/cypress_runner.js:162150:10)\n    at Async.drainQueues (http://localhost:45855/__cypress/runner/cypress_runner.js:162024:14)",
                "diff": null
              },
              "uuid": "c3c5636c-68c5-46f4-ba55-614b1c920bfb",
              "parentUUID": "ec9eebe6-f2a5-4e11-9924-82c73d8313c8",
              "isHook": false,
              "skipped": false
            },
            {
              "title": "Verifica se após selecionar uma outra cor na paleta, é possível pintar os pixels com essa cor",
              "fullTitle": "8 - Clicar em um pixel dentro do quadro após selecionar uma cor na paleta, faz com que o pixel seja preenchido com a cor selecionada. Verifica se após selecionar uma outra cor na paleta, é possível pintar os pixels com essa cor",
              "timedOut": null,
              "duration": 5779,
              "state": "failed",
              "speed": null,
              "pass": false,
              "fail": true,
              "pending": false,
              "context": null,
              "code": "cy.get('.color').each(function (color) {\n  var backgroundColor = color.css('background-color');\n  cy.wrap(color).click();\n  cy.get('.pixel').each(function (pixel) {\n    cy.wrap(pixel).click().should('have.css', 'background-color', backgroundColor);\n  });\n});",
              "err": {
                "message": "CypressError: Timed out retrying: Expected to find element: '.color', but never found it.",
                "estack": "CypressError: Timed out retrying: Expected to find element: '.color', but never found it.\n    at cypressErr (http://localhost:45855/__cypress/runner/cypress_runner.js:149934:9)\n    at throwErr (http://localhost:45855/__cypress/runner/cypress_runner.js:149867:11)\n    at Object.throwErrByPath (http://localhost:45855/__cypress/runner/cypress_runner.js:149915:3)\n    at retry (http://localhost:45855/__cypress/runner/cypress_runner.js:144197:19)\n    at onFailFn (http://localhost:45855/__cypress/runner/cypress_runner.js:132448:16)\n    at tryCatcher (http://localhost:45855/__cypress/runner/cypress_runner.js:167415:23)\n    at Promise._settlePromiseFromHandler (http://localhost:45855/__cypress/runner/cypress_runner.js:165351:31)\n    at Promise._settlePromise (http://localhost:45855/__cypress/runner/cypress_runner.js:165408:18)\n    at Promise._settlePromise0 (http://localhost:45855/__cypress/runner/cypress_runner.js:165453:10)\n    at Promise._settlePromises (http://localhost:45855/__cypress/runner/cypress_runner.js:165528:18)\n    at Async../node_modules/bluebird/js/release/async.js.Async._drainQueue (http://localhost:45855/__cypress/runner/cypress_runner.js:162140:16)\n    at Async../node_modules/bluebird/js/release/async.js.Async._drainQueues (http://localhost:45855/__cypress/runner/cypress_runner.js:162150:10)\n    at Async.drainQueues (http://localhost:45855/__cypress/runner/cypress_runner.js:162024:14)",
                "diff": null
              },
              "uuid": "51ef5683-d6af-4e5f-99ea-5e7a97eda18f",
              "parentUUID": "ec9eebe6-f2a5-4e11-9924-82c73d8313c8",
              "isHook": false,
              "skipped": false
            },
            {
              "title": "Verifica se somente o pixel que foi clicado foi preenchido com a cor selecionada, sem influenciar na cor dos demais pixels.",
              "fullTitle": "8 - Clicar em um pixel dentro do quadro após selecionar uma cor na paleta, faz com que o pixel seja preenchido com a cor selecionada. Verifica se somente o pixel que foi clicado foi preenchido com a cor selecionada, sem influenciar na cor dos demais pixels.",
              "timedOut": null,
              "duration": 6434,
              "state": "failed",
              "speed": null,
              "pass": false,
              "fail": true,
              "pending": false,
              "context": null,
              "code": "var colorToPixelIndexMap = {\n  0: 6,\n  1: 8,\n  2: 16,\n  3: 18\n};\ncy.get('.color').each(function (color, index) {\n  cy.wrap(color).click();\n  var backgroundColor = color.css('background-color');\n  var clickedPixelIndex = colorToPixelIndexMap[index];\n  cy.get('.pixel').eq(clickedPixelIndex).click();\n  cy.get('.pixel').eq(clickedPixelIndex - 1).should('not.have.css', 'background-color', backgroundColor);\n  cy.get('.pixel').eq(clickedPixelIndex + 1).should('not.have.css', 'background-color', backgroundColor);\n  cy.get('.pixel').eq(clickedPixelIndex - 5).should('not.have.css', 'background-color', backgroundColor);\n  cy.get('.pixel').eq(clickedPixelIndex + 5).should('not.have.css', 'background-color', backgroundColor);\n  cy.get('.pixel').eq(clickedPixelIndex - 6).should('not.have.css', 'background-color', backgroundColor);\n  cy.get('.pixel').eq(clickedPixelIndex - 4).should('not.have.css', 'background-color', backgroundColor);\n  cy.get('.pixel').eq(clickedPixelIndex + 4).should('not.have.css', 'background-color', backgroundColor);\n  cy.get('.pixel').eq(clickedPixelIndex + 6).should('not.have.css', 'background-color', backgroundColor);\n});",
              "err": {
                "message": "CypressError: Timed out retrying: Expected to find element: '.color', but never found it.",
                "estack": "CypressError: Timed out retrying: Expected to find element: '.color', but never found it.\n    at cypressErr (http://localhost:45855/__cypress/runner/cypress_runner.js:149934:9)\n    at throwErr (http://localhost:45855/__cypress/runner/cypress_runner.js:149867:11)\n    at Object.throwErrByPath (http://localhost:45855/__cypress/runner/cypress_runner.js:149915:3)\n    at retry (http://localhost:45855/__cypress/runner/cypress_runner.js:144197:19)\n    at onFailFn (http://localhost:45855/__cypress/runner/cypress_runner.js:132448:16)\n    at tryCatcher (http://localhost:45855/__cypress/runner/cypress_runner.js:167415:23)\n    at Promise._settlePromiseFromHandler (http://localhost:45855/__cypress/runner/cypress_runner.js:165351:31)\n    at Promise._settlePromise (http://localhost:45855/__cypress/runner/cypress_runner.js:165408:18)\n    at Promise._settlePromise0 (http://localhost:45855/__cypress/runner/cypress_runner.js:165453:10)\n    at Promise._settlePromises (http://localhost:45855/__cypress/runner/cypress_runner.js:165528:18)\n    at Async../node_modules/bluebird/js/release/async.js.Async._drainQueue (http://localhost:45855/__cypress/runner/cypress_runner.js:162140:16)\n    at Async../node_modules/bluebird/js/release/async.js.Async._drainQueues (http://localhost:45855/__cypress/runner/cypress_runner.js:162150:10)\n    at Async.drainQueues (http://localhost:45855/__cypress/runner/cypress_runner.js:162024:14)",
                "diff": null
              },
              "uuid": "ad16ba96-afab-4210-a853-88ba06b4084d",
              "parentUUID": "ec9eebe6-f2a5-4e11-9924-82c73d8313c8",
              "isHook": false,
              "skipped": false
            }
          ],
          "suites": [],
          "passes": [],
          "failures": [
            "c3c5636c-68c5-46f4-ba55-614b1c920bfb",
            "51ef5683-d6af-4e5f-99ea-5e7a97eda18f",
            "ad16ba96-afab-4210-a853-88ba06b4084d"
          ],
          "pending": [],
          "skipped": [],
          "duration": 18171,
          "root": false,
          "rootEmpty": false,
          "_timeout": 2000
        },
        {
          "uuid": "13e79f07-4660-442f-ab28-1bd69b53a46a",
          "title": "9 - Crie um botão que, ao ser clicado, limpa o quadro preenchendo a cor de todos seus pixels com branco.",
          "fullFile": "",
          "file": "",
          "beforeHooks": [],
          "afterHooks": [],
          "tests": [
            {
              "title": "Verifica se o botão tem o `id` denominado `clear-board`",
              "fullTitle": "9 - Crie um botão que, ao ser clicado, limpa o quadro preenchendo a cor de todos seus pixels com branco. Verifica se o botão tem o `id` denominado `clear-board`",
              "timedOut": null,
              "duration": 7041,
              "state": "failed",
              "speed": null,
              "pass": false,
              "fail": true,
              "pending": false,
              "context": null,
              "code": "cy.get('#clear-board').should('be.visible');",
              "err": {
                "message": "CypressError: Timed out retrying: Expected to find element: '#clear-board', but never found it.",
                "estack": "CypressError: Timed out retrying: Expected to find element: '#clear-board', but never found it.\n    at cypressErr (http://localhost:45855/__cypress/runner/cypress_runner.js:149934:9)\n    at throwErr (http://localhost:45855/__cypress/runner/cypress_runner.js:149867:11)\n    at Object.throwErrByPath (http://localhost:45855/__cypress/runner/cypress_runner.js:149915:3)\n    at retry (http://localhost:45855/__cypress/runner/cypress_runner.js:144197:19)\n    at onFailFn (http://localhost:45855/__cypress/runner/cypress_runner.js:132448:16)\n    at tryCatcher (http://localhost:45855/__cypress/runner/cypress_runner.js:167415:23)\n    at Promise._settlePromiseFromHandler (http://localhost:45855/__cypress/runner/cypress_runner.js:165351:31)\n    at Promise._settlePromise (http://localhost:45855/__cypress/runner/cypress_runner.js:165408:18)\n    at Promise._settlePromise0 (http://localhost:45855/__cypress/runner/cypress_runner.js:165453:10)\n    at Promise._settlePromises (http://localhost:45855/__cypress/runner/cypress_runner.js:165528:18)\n    at Async../node_modules/bluebird/js/release/async.js.Async._drainQueue (http://localhost:45855/__cypress/runner/cypress_runner.js:162140:16)\n    at Async../node_modules/bluebird/js/release/async.js.Async._drainQueues (http://localhost:45855/__cypress/runner/cypress_runner.js:162150:10)\n    at Async.drainQueues (http://localhost:45855/__cypress/runner/cypress_runner.js:162024:14)",
                "diff": null
              },
              "uuid": "55a72940-e15a-4ed3-be01-2d4d7a1c9c9b",
              "parentUUID": "13e79f07-4660-442f-ab28-1bd69b53a46a",
              "isHook": false,
              "skipped": false
            },
            {
              "title": "Verifica se o botão está posicionado entre a paleta de cores e o quadro de pixels",
              "fullTitle": "9 - Crie um botão que, ao ser clicado, limpa o quadro preenchendo a cor de todos seus pixels com branco. Verifica se o botão está posicionado entre a paleta de cores e o quadro de pixels",
              "timedOut": null,
              "duration": 7692,
              "state": "failed",
              "speed": null,
              "pass": false,
              "fail": true,
              "pending": false,
              "context": null,
              "code": "cy.get('#color-palette').then(function (palette) {\n  cy.get('#clear-board').should('be.belowOf', palette);\n});\ncy.get('#clear-board').then(function (clearBtn) {\n  cy.get('#pixel-board').should('be.belowOf', clearBtn);\n});",
              "err": {
                "message": "CypressError: Timed out retrying: Expected to find element: '#color-palette', but never found it.",
                "estack": "CypressError: Timed out retrying: Expected to find element: '#color-palette', but never found it.\n    at cypressErr (http://localhost:45855/__cypress/runner/cypress_runner.js:149934:9)\n    at throwErr (http://localhost:45855/__cypress/runner/cypress_runner.js:149867:11)\n    at Object.throwErrByPath (http://localhost:45855/__cypress/runner/cypress_runner.js:149915:3)\n    at retry (http://localhost:45855/__cypress/runner/cypress_runner.js:144197:19)\n    at onFailFn (http://localhost:45855/__cypress/runner/cypress_runner.js:132448:16)\n    at tryCatcher (http://localhost:45855/__cypress/runner/cypress_runner.js:167415:23)\n    at Promise._settlePromiseFromHandler (http://localhost:45855/__cypress/runner/cypress_runner.js:165351:31)\n    at Promise._settlePromise (http://localhost:45855/__cypress/runner/cypress_runner.js:165408:18)\n    at Promise._settlePromise0 (http://localhost:45855/__cypress/runner/cypress_runner.js:165453:10)\n    at Promise._settlePromises (http://localhost:45855/__cypress/runner/cypress_runner.js:165528:18)\n    at Async../node_modules/bluebird/js/release/async.js.Async._drainQueue (http://localhost:45855/__cypress/runner/cypress_runner.js:162140:16)\n    at Async../node_modules/bluebird/js/release/async.js.Async._drainQueues (http://localhost:45855/__cypress/runner/cypress_runner.js:162150:10)\n    at Async.drainQueues (http://localhost:45855/__cypress/runner/cypress_runner.js:162024:14)",
                "diff": null
              },
              "uuid": "ab5d00ab-6f6c-4319-bfd6-1c7e574eae0e",
              "parentUUID": "13e79f07-4660-442f-ab28-1bd69b53a46a",
              "isHook": false,
              "skipped": false
            },
            {
              "title": "Verifica se o texto do botão é 'Limpar'",
              "fullTitle": "9 - Crie um botão que, ao ser clicado, limpa o quadro preenchendo a cor de todos seus pixels com branco. Verifica se o texto do botão é 'Limpar'",
              "timedOut": null,
              "duration": 6406,
              "state": "failed",
              "speed": null,
              "pass": false,
              "fail": true,
              "pending": false,
              "context": null,
              "code": "cy.get('#clear-board').should('contain.text', 'Limpar');",
              "err": {
                "message": "CypressError: Timed out retrying: Expected to find element: '#clear-board', but never found it.",
                "estack": "CypressError: Timed out retrying: Expected to find element: '#clear-board', but never found it.\n    at cypressErr (http://localhost:45855/__cypress/runner/cypress_runner.js:149934:9)\n    at throwErr (http://localhost:45855/__cypress/runner/cypress_runner.js:149867:11)\n    at Object.throwErrByPath (http://localhost:45855/__cypress/runner/cypress_runner.js:149915:3)\n    at retry (http://localhost:45855/__cypress/runner/cypress_runner.js:144197:19)\n    at onFailFn (http://localhost:45855/__cypress/runner/cypress_runner.js:132448:16)\n    at tryCatcher (http://localhost:45855/__cypress/runner/cypress_runner.js:167415:23)\n    at Promise._settlePromiseFromHandler (http://localhost:45855/__cypress/runner/cypress_runner.js:165351:31)\n    at Promise._settlePromise (http://localhost:45855/__cypress/runner/cypress_runner.js:165408:18)\n    at Promise._settlePromise0 (http://localhost:45855/__cypress/runner/cypress_runner.js:165453:10)\n    at Promise._settlePromises (http://localhost:45855/__cypress/runner/cypress_runner.js:165528:18)\n    at Async../node_modules/bluebird/js/release/async.js.Async._drainQueue (http://localhost:45855/__cypress/runner/cypress_runner.js:162140:16)\n    at Async../node_modules/bluebird/js/release/async.js.Async._drainQueues (http://localhost:45855/__cypress/runner/cypress_runner.js:162150:10)\n    at Async.drainQueues (http://localhost:45855/__cypress/runner/cypress_runner.js:162024:14)",
                "diff": null
              },
              "uuid": "2881048c-3cfd-4095-86bf-fd141cbc4655",
              "parentUUID": "13e79f07-4660-442f-ab28-1bd69b53a46a",
              "isHook": false,
              "skipped": false
            },
            {
              "title": "Verifica se ao clicar no botão, o quadro de pixels é totalmente preenchido de branco",
              "fullTitle": "9 - Crie um botão que, ao ser clicado, limpa o quadro preenchendo a cor de todos seus pixels com branco. Verifica se ao clicar no botão, o quadro de pixels é totalmente preenchido de branco",
              "timedOut": null,
              "duration": 6806,
              "state": "failed",
              "speed": null,
              "pass": false,
              "fail": true,
              "pending": false,
              "context": null,
              "code": "cy.get('.color').eq(1).then(function (color) {\n  var backgroundColor = color.css('background-color');\n  cy.wrap(color).click();\n  cy.get('.pixel').each(function (pixel) {\n    cy.wrap(pixel).click().should('have.css', 'background-color', backgroundColor);\n  });\n});\ncy.get('#clear-board').click();\ncy.get('.pixel').each(function (pixel) {\n  cy.wrap(pixel).should('have.css', 'background-color', WHITE);\n});",
              "err": {
                "message": "CypressError: Timed out retrying: Expected to find element: '.color', but never found it.",
                "estack": "CypressError: Timed out retrying: Expected to find element: '.color', but never found it.\n    at cypressErr (http://localhost:45855/__cypress/runner/cypress_runner.js:149934:9)\n    at throwErr (http://localhost:45855/__cypress/runner/cypress_runner.js:149867:11)\n    at Object.throwErrByPath (http://localhost:45855/__cypress/runner/cypress_runner.js:149915:3)\n    at retry (http://localhost:45855/__cypress/runner/cypress_runner.js:144197:19)\n    at onFailFn (http://localhost:45855/__cypress/runner/cypress_runner.js:132448:16)\n    at tryCatcher (http://localhost:45855/__cypress/runner/cypress_runner.js:167415:23)\n    at Promise._settlePromiseFromHandler (http://localhost:45855/__cypress/runner/cypress_runner.js:165351:31)\n    at Promise._settlePromise (http://localhost:45855/__cypress/runner/cypress_runner.js:165408:18)\n    at Promise._settlePromise0 (http://localhost:45855/__cypress/runner/cypress_runner.js:165453:10)\n    at Promise._settlePromises (http://localhost:45855/__cypress/runner/cypress_runner.js:165528:18)\n    at Async../node_modules/bluebird/js/release/async.js.Async._drainQueue (http://localhost:45855/__cypress/runner/cypress_runner.js:162140:16)\n    at Async../node_modules/bluebird/js/release/async.js.Async._drainQueues (http://localhost:45855/__cypress/runner/cypress_runner.js:162150:10)\n    at Async.drainQueues (http://localhost:45855/__cypress/runner/cypress_runner.js:162024:14)",
                "diff": null
              },
              "uuid": "b8e43b9b-d69a-465e-901f-faf4d791ae25",
              "parentUUID": "13e79f07-4660-442f-ab28-1bd69b53a46a",
              "isHook": false,
              "skipped": false
            }
          ],
          "suites": [],
          "passes": [],
          "failures": [
            "55a72940-e15a-4ed3-be01-2d4d7a1c9c9b",
            "ab5d00ab-6f6c-4319-bfd6-1c7e574eae0e",
[...]
                "diff": null
              },
              "uuid": "6ad115e7-c7fc-49f0-95b5-1e4cab5f0969",
              "parentUUID": "b726b727-bc42-41f9-b882-a3dd62e65023",
              "isHook": false,
              "skipped": false
            },
            {
              "title": "Verifica se o novo quadro tem todos os pixels preenchidos com a cor branca",
              "fullTitle": "10 - Faça o quadro de pixels ter seu tamanho definido pelo usuário. Verifica se o novo quadro tem todos os pixels preenchidos com a cor branca",
              "timedOut": null,
              "duration": 6359,
              "state": "failed",
              "speed": null,
              "pass": false,
              "fail": true,
              "pending": false,
              "context": null,
              "code": "cy.get('#board-size').clear().type(6);\ncy.get('#generate-board').click();\ncy.get('.pixel').should('have.length', 36).each(function (pixel) {\n  expect(pixel).to.have.css('background-color', WHITE);\n});",
              "err": {
                "message": "CypressError: Timed out retrying: Expected to find element: '#board-size', but never found it.",
                "estack": "CypressError: Timed out retrying: Expected to find element: '#board-size', but never found it.\n    at cypressErr (http://localhost:45855/__cypress/runner/cypress_runner.js:149934:9)\n    at throwErr (http://localhost:45855/__cypress/runner/cypress_runner.js:149867:11)\n    at Object.throwErrByPath (http://localhost:45855/__cypress/runner/cypress_runner.js:149915:3)\n    at retry (http://localhost:45855/__cypress/runner/cypress_runner.js:144197:19)\n    at onFailFn (http://localhost:45855/__cypress/runner/cypress_runner.js:132448:16)\n    at tryCatcher (http://localhost:45855/__cypress/runner/cypress_runner.js:167415:23)\n    at Promise._settlePromiseFromHandler (http://localhost:45855/__cypress/runner/cypress_runner.js:165351:31)\n    at Promise._settlePromise (http://localhost:45855/__cypress/runner/cypress_runner.js:165408:18)\n    at Promise._settlePromise0 (http://localhost:45855/__cypress/runner/cypress_runner.js:165453:10)\n    at Promise._settlePromises (http://localhost:45855/__cypress/runner/cypress_runner.js:165528:18)\n    at Async../node_modules/bluebird/js/release/async.js.Async._drainQueue (http://localhost:45855/__cypress/runner/cypress_runner.js:162140:16)\n    at Async../node_modules/bluebird/js/release/async.js.Async._drainQueues (http://localhost:45855/__cypress/runner/cypress_runner.js:162150:10)\n    at Async.drainQueues (http://localhost:45855/__cypress/runner/cypress_runner.js:162024:14)",
                "diff": null
              },
              "uuid": "e7d4d0ec-1a68-44d2-8454-b9f8cb5cff38",
              "parentUUID": "b726b727-bc42-41f9-b882-a3dd62e65023",
              "isHook": false,
              "skipped": false
            }
          ],
          "suites": [],
          "passes": [],
          "failures": [
            "dbcf0243-fb0c-448e-a658-0fab7f4ca6d9",
            "876e897d-15f0-44c2-8ed8-dec60ac748c5",
            "aa48b2c8-4f1f-4fa8-a3c8-6e34d5ddd77e",
            "1085be45-9516-4f15-9ff9-c363162da31f",
            "281ab6d9-b111-48d3-a785-69b334c516db",
            "b69a6eb5-1eaf-48fd-a293-19d5e698819b",
            "8b946c0e-bad3-4919-bd19-95c22eb12c5c",
            "6ad115e7-c7fc-49f0-95b5-1e4cab5f0969",
            "e7d4d0ec-1a68-44d2-8454-b9f8cb5cff38"
          ],
          "pending": [],
          "skipped": [],
          "duration": 61410,
          "root": false,
          "rootEmpty": false,
          "_timeout": 2000
        },
        {
          "uuid": "f9bfcd92-1ac1-4cda-bb65-c74c71202db4",
          "title": "11 - Limite o tamanho mínimo e máximo do board.",
          "fullFile": "",
          "file": "",
          "beforeHooks": [],
          "afterHooks": [],
          "tests": [
            {
              "title": "Verifica se a altura máxima do board é 50",
              "fullTitle": "11 - Limite o tamanho mínimo e máximo do board. Verifica se a altura máxima do board é 50",
              "timedOut": null,
              "duration": 6170,
              "state": "failed",
              "speed": null,
              "pass": false,
              "fail": true,
              "pending": false,
              "context": null,
              "code": "cy.get('#board-size').clear().type(50);\ncy.get('#generate-board').click();\ncy.get('.pixel').should('have.length', 2500);",
              "err": {
                "message": "CypressError: Timed out retrying: Expected to find element: '#board-size', but never found it.",
                "estack": "CypressError: Timed out retrying: Expected to find element: '#board-size', but never found it.\n    at cypressErr (http://localhost:45855/__cypress/runner/cypress_runner.js:149934:9)\n    at throwErr (http://localhost:45855/__cypress/runner/cypress_runner.js:149867:11)\n    at Object.throwErrByPath (http://localhost:45855/__cypress/runner/cypress_runner.js:149915:3)\n    at retry (http://localhost:45855/__cypress/runner/cypress_runner.js:144197:19)\n    at onFailFn (http://localhost:45855/__cypress/runner/cypress_runner.js:132448:16)\n    at tryCatcher (http://localhost:45855/__cypress/runner/cypress_runner.js:167415:23)\n    at Promise._settlePromiseFromHandler (http://localhost:45855/__cypress/runner/cypress_runner.js:165351:31)\n    at Promise._settlePromise (http://localhost:45855/__cypress/runner/cypress_runner.js:165408:18)\n    at Promise._settlePromise0 (http://localhost:45855/__cypress/runner/cypress_runner.js:165453:10)\n    at Promise._settlePromises (http://localhost:45855/__cypress/runner/cypress_runner.js:165528:18)\n    at Async../node_modules/bluebird/js/release/async.js.Async._drainQueue (http://localhost:45855/__cypress/runner/cypress_runner.js:162140:16)\n    at Async../node_modules/bluebird/js/release/async.js.Async._drainQueues (http://localhost:45855/__cypress/runner/cypress_runner.js:162150:10)\n    at Async.drainQueues (http://localhost:45855/__cypress/runner/cypress_runner.js:162024:14)",
                "diff": null
              },
              "uuid": "81e66de5-fcfd-4738-9ca1-1cd32e83a5ae",
              "parentUUID": "f9bfcd92-1ac1-4cda-bb65-c74c71202db4",
              "isHook": false,
              "skipped": false
            },
            {
              "title": "Verifica se a altura do board é 5 quando um valor menor é colocado no input",
              "fullTitle": "11 - Limite o tamanho mínimo e máximo do board. Verifica se a altura do board é 5 quando um valor menor é colocado no input",
              "timedOut": null,
              "duration": 8117,
              "state": "failed",
              "speed": null,
              "pass": false,
              "fail": true,
              "pending": false,
              "context": null,
              "code": "cy.get('#board-size').clear().type(4);\ncy.get('#generate-board').click();\ncy.get('.pixel').should('have.length', 25);",
              "err": {
                "message": "CypressError: Timed out retrying: Expected to find element: '#board-size', but never found it.",
                "estack": "CypressError: Timed out retrying: Expected to find element: '#board-size', but never found it.\n    at cypressErr (http://localhost:45855/__cypress/runner/cypress_runner.js:149934:9)\n    at throwErr (http://localhost:45855/__cypress/runner/cypress_runner.js:149867:11)\n    at Object.throwErrByPath (http://localhost:45855/__cypress/runner/cypress_runner.js:149915:3)\n    at retry (http://localhost:45855/__cypress/runner/cypress_runner.js:144197:19)\n    at onFailFn (http://localhost:45855/__cypress/runner/cypress_runner.js:132448:16)\n    at tryCatcher (http://localhost:45855/__cypress/runner/cypress_runner.js:167415:23)\n    at Promise._settlePromiseFromHandler (http://localhost:45855/__cypress/runner/cypress_runner.js:165351:31)\n    at Promise._settlePromise (http://localhost:45855/__cypress/runner/cypress_runner.js:165408:18)\n    at Promise._settlePromise0 (http://localhost:45855/__cypress/runner/cypress_runner.js:165453:10)\n    at Promise._settlePromises (http://localhost:45855/__cypress/runner/cypress_runner.js:165528:18)\n    at Async../node_modules/bluebird/js/release/async.js.Async._drainQueue (http://localhost:45855/__cypress/runner/cypress_runner.js:162140:16)\n    at Async../node_modules/bluebird/js/release/async.js.Async._drainQueues (http://localhost:45855/__cypress/runner/cypress_runner.js:162150:10)\n    at Async.drainQueues (http://localhost:45855/__cypress/runner/cypress_runner.js:162024:14)",
                "diff": null
              },
              "uuid": "a1f31f2e-80b4-4552-8934-a297c0c45c50",
              "parentUUID": "f9bfcd92-1ac1-4cda-bb65-c74c71202db4",
              "isHook": false,
              "skipped": false
            },
            {
              "title": "Verifica se a altura do board é 50 quando um valor maior é colocado no input",
              "fullTitle": "11 - Limite o tamanho mínimo e máximo do board. Verifica se a altura do board é 50 quando um valor maior é colocado no input",
              "timedOut": null,
              "duration": 8172,
              "state": "failed",
              "speed": null,
              "pass": false,
              "fail": true,
              "pending": false,
              "context": null,
              "code": "cy.get('#board-size').clear().type(51);\ncy.get('#generate-board').click();\ncy.get('.pixel').should('have.length', 2500);",
              "err": {
                "message": "CypressError: Timed out retrying: Expected to find element: '#board-size', but never found it.",
                "estack": "CypressError: Timed out retrying: Expected to find element: '#board-size', but never found it.\n    at cypressErr (http://localhost:45855/__cypress/runner/cypress_runner.js:149934:9)\n    at throwErr (http://localhost:45855/__cypress/runner/cypress_runner.js:149867:11)\n    at Object.throwErrByPath (http://localhost:45855/__cypress/runner/cypress_runner.js:149915:3)\n    at retry (http://localhost:45855/__cypress/runner/cypress_runner.js:144197:19)\n    at onFailFn (http://localhost:45855/__cypress/runner/cypress_runner.js:132448:16)\n    at tryCatcher (http://localhost:45855/__cypress/runner/cypress_runner.js:167415:23)\n    at Promise._settlePromiseFromHandler (http://localhost:45855/__cypress/runner/cypress_runner.js:165351:31)\n    at Promise._settlePromise (http://localhost:45855/__cypress/runner/cypress_runner.js:165408:18)\n    at Promise._settlePromise0 (http://localhost:45855/__cypress/runner/cypress_runner.js:165453:10)\n    at Promise._settlePromises (http://localhost:45855/__cypress/runner/cypress_runner.js:165528:18)\n    at Async../node_modules/bluebird/js/release/async.js.Async._drainQueue (http://localhost:45855/__cypress/runner/cypress_runner.js:162140:16)\n    at Async../node_modules/bluebird/js/release/async.js.Async._drainQueues (http://localhost:45855/__cypress/runner/cypress_runner.js:162150:10)\n    at Async.drainQueues (http://localhost:45855/__cypress/runner/cypress_runner.js:162024:14)",
                "diff": null
              },
              "uuid": "9d70387b-8f32-41c6-a3e4-b573e33f719b",
              "parentUUID": "f9bfcd92-1ac1-4cda-bb65-c74c71202db4",
              "isHook": false,
              "skipped": false
            }
          ],
          "suites": [],
          "passes": [],
          "failures": [
            "81e66de5-fcfd-4738-9ca1-1cd32e83a5ae",
            "a1f31f2e-80b4-4552-8934-a297c0c45c50",
            "9d70387b-8f32-41c6-a3e4-b573e33f719b"
          ],
          "pending": [],
          "skipped": [],
          "duration": 22459,
          "root": false,
          "rootEmpty": false,
          "_timeout": 2000
        },
        {
          "uuid": "ed3df9a5-45fd-49a7-8d65-05bf15afc55f",
          "title": "12 - Faça com que as cores da paleta sejam geradas aleatoriamente ao carregar a página.",
          "fullFile": "",
          "file": "",
          "beforeHooks": [],
          "afterHooks": [],
          "tests": [
            {
              "title": "Verifica se as cores geradas na paleta são diferentes a cada carregamento da página",
              "fullTitle": "12 - Faça com que as cores da paleta sejam geradas aleatoriamente ao carregar a página. Verifica se as cores geradas na paleta são diferentes a cada carregamento da página",
              "timedOut": null,
              "duration": 9144,
              "state": "failed",
              "speed": null,
              "pass": false,
              "fail": true,
              "pending": false,
              "context": null,
              "code": "cy.get('.color').then(function (colors) {\n  var currentColors;\n  var previousColors;\n  previousColors = Array.from(colors).map(function (color) {\n    return Cypress.$(color).css('background-color');\n  });\n  for (var i = 0; i < 5; i += 1) {\n    cy.reload();\n    cy.get('.color').then(function (colors) {\n      currentColors = Array.from(colors).map(function (color) {\n        return Cypress.$(color).css('background-color');\n      });\n      expect(currentColors).not.to.deep.equal(previousColors);\n      previousColors = currentColors;\n    });\n  }\n});",
              "err": {
                "message": "CypressError: Timed out retrying: Expected to find element: '.color', but never found it.",
                "estack": "CypressError: Timed out retrying: Expected to find element: '.color', but never found it.\n    at cypressErr (http://localhost:45855/__cypress/runner/cypress_runner.js:149934:9)\n    at throwErr (http://localhost:45855/__cypress/runner/cypress_runner.js:149867:11)\n    at Object.throwErrByPath (http://localhost:45855/__cypress/runner/cypress_runner.js:149915:3)\n    at retry (http://localhost:45855/__cypress/runner/cypress_runner.js:144197:19)\n    at onFailFn (http://localhost:45855/__cypress/runner/cypress_runner.js:132448:16)\n    at tryCatcher (http://localhost:45855/__cypress/runner/cypress_runner.js:167415:23)\n    at Promise._settlePromiseFromHandler (http://localhost:45855/__cypress/runner/cypress_runner.js:165351:31)\n    at Promise._settlePromise (http://localhost:45855/__cypress/runner/cypress_runner.js:165408:18)\n    at Promise._settlePromise0 (http://localhost:45855/__cypress/runner/cypress_runner.js:165453:10)\n    at Promise._settlePromises (http://localhost:45855/__cypress/runner/cypress_runner.js:165528:18)\n    at Async../node_modules/bluebird/js/release/async.js.Async._drainQueue (http://localhost:45855/__cypress/runner/cypress_runner.js:162140:16)\n    at Async../node_modules/bluebird/js/release/async.js.Async._drainQueues (http://localhost:45855/__cypress/runner/cypress_runner.js:162150:10)\n    at Async.drainQueues (http://localhost:45855/__cypress/runner/cypress_runner.js:162024:14)",
                "diff": null
              },
              "uuid": "97d0e1dd-c544-4c68-af70-3a68e04be975",
              "parentUUID": "ed3df9a5-45fd-49a7-8d65-05bf15afc55f",
              "isHook": false,
              "skipped": false
            },
            {
              "title": "Verifica se a cor preta ainda está presente e é a primeira na sua paleta de cores",
              "fullTitle": "12 - Faça com que as cores da paleta sejam geradas aleatoriamente ao carregar a página. Verifica se a cor preta ainda está presente e é a primeira na sua paleta de cores",
              "timedOut": null,
              "duration": 9023,
              "state": "failed",
              "speed": null,
              "pass": false,
              "fail": true,
              "pending": false,
              "context": null,
              "code": "cy.get('.color').then(function (colors) {\n  var currentColors;\n  var previousColors;\n  previousColors = Array.from(colors).map(function (color) {\n    return Cypress.$(color).css('background-color');\n  });\n  expect(previousColors[0]).to.eq(BLACK);\n  for (var i = 0; i < 5; i += 1) {\n    cy.reload();\n    cy.get('.color').then(function (colors) {\n      currentColors = Array.from(colors).map(function (color) {\n        return Cypress.$(color).css('background-color');\n      });\n      expect(currentColors[0]).to.eq(BLACK);\n      expect(currentColors).not.to.deep.equal(previousColors);\n      previousColors = currentColors;\n    });\n  }\n});",
              "err": {
                "message": "CypressError: Timed out retrying: Expected to find element: '.color', but never found it.",
                "estack": "CypressError: Timed out retrying: Expected to find element: '.color', but never found it.\n    at cypressErr (http://localhost:45855/__cypress/runner/cypress_runner.js:149934:9)\n    at throwErr (http://localhost:45855/__cypress/runner/cypress_runner.js:149867:11)\n    at Object.throwErrByPath (http://localhost:45855/__cypress/runner/cypress_runner.js:149915:3)\n    at retry (http://localhost:45855/__cypress/runner/cypress_runner.js:144197:19)\n    at onFailFn (http://localhost:45855/__cypress/runner/cypress_runner.js:132448:16)\n    at tryCatcher (http://localhost:45855/__cypress/runner/cypress_runner.js:167415:23)\n    at Promise._settlePromiseFromHandler (http://localhost:45855/__cypress/runner/cypress_runner.js:165351:31)\n    at Promise._settlePromise (http://localhost:45855/__cypress/runner/cypress_runner.js:165408:18)\n    at Promise._settlePromise0 (http://localhost:45855/__cypress/runner/cypress_runner.js:165453:10)\n    at Promise._settlePromises (http://localhost:45855/__cypress/runner/cypress_runner.js:165528:18)\n    at Async../node_modules/bluebird/js/release/async.js.Async._drainQueue (http://localhost:45855/__cypress/runner/cypress_runner.js:162140:16)\n    at Async../node_modules/bluebird/js/release/async.js.Async._drainQueues (http://localhost:45855/__cypress/runner/cypress_runner.js:162150:10)\n    at Async.drainQueues (http://localhost:45855/__cypress/runner/cypress_runner.js:162024:14)",
                "diff": null
              },
              "uuid": "5d35bfaa-579b-40f3-b9c6-a367e4038cee",
              "parentUUID": "ed3df9a5-45fd-49a7-8d65-05bf15afc55f",
              "isHook": false,
              "skipped": false
            }
          ],
          "suites": [],
          "passes": [],
          "failures": [
            "97d0e1dd-c544-4c68-af70-3a68e04be975",
            "5d35bfaa-579b-40f3-b9c6-a367e4038cee"
          ],
          "pending": [],
          "skipped": [],
          "duration": 18167,
          "root": false,
          "rootEmpty": false,
          "_timeout": 2000
        }
      ],
      "passes": [],
      "failures": [],
      "pending": [],
      "skipped": [],
      "duration": 0,
      "root": true,
      "rootEmpty": true,
      "_timeout": 2000
    }
  ],
  "meta": {
    "mocha": {
      "version": "7.0.1"
    },
    "mochawesome": {
      "options": {
        "quiet": false,
        "reportFilename": "mochawesome",
        "saveHtml": false,
        "saveJson": true,
        "consoleReporter": "spec",
        "useInlineDiffs": false
      },
      "version": "4.1.0"
    },
    "marge": {
      "options": {
        "id": "default",
        "reportDir": "cypress/reports",
        "overwrite": true,
        "html": false,
        "json": true
      },
      "version": "4.1.0"
    }
  }
}